<?xml version="1.0" encoding="utf-8"?><testsuites><testsuite name="pytest" errors="0" failures="0" skipped="1" tests="7" time="0.572" timestamp="2023-12-10T18:43:55.766753" hostname="hwanguieongsMBP.attlocal.net"><testcase classname="test_api" name="test_skip" time="0.001"><skipped type="pytest.skip" message="no way of currently testing this">/Users/euiyoung.hwang/ES/Python_Workspace/python-elasticsearch/tests/test_api.py:6: no way of currently testing this</skipped></testcase><testcase classname="test_api" name="test_api" time="0.012" /><testcase classname="test_api" name="test_CRUD_api" time="0.070" /><testcase classname="test_elasticsearch" name="test_elasticsearch" time="0.334" /><testcase classname="test_elasticsearch" name="test_indics_analyzer_elasticsearch" time="0.004" /><testcase classname="test_elasticsearch" name="test_search_elasticsearch" time="0.009" /><testcase classname="test_elasticsearch" name="test_api_es_search" time="0.021" /></testsuite></testsuites>